Build started 8/18/2012 11:59:19 AM.
     1>Project "E:\Projects\winmm\winmm\winmm\winmm.vcxproj" on node 2 (rebuild target(s)).
     1>_PrepareForClean:
         Deleting file "Release\winmm.lastbuildstate".
       InitializeBuildStatus:
         Creating "Release\winmm.unsuccessfulbuild" because "AlwaysCreate" was specified.
       ClCompile:
         C:\Program Files (x86)\Microsoft Visual Studio 10.0\VC\bin\CL.exe /c /Zi /nologo /W3 /WX- /O2 /Oi /Oy- /GL /D WIN32 /D NDEBUG /D _WINDOWS /D _USRDLL /D WINMM_EXPORTS /D _WINDLL /D _UNICODE /D UNICODE /Gm- /EHsc /MD /GS /Gy /fp:precise /Zc:wchar_t /Zc:forScope /Fo"Release\\" /Fd"Release\vc100.pdb" /Gd /TP /analyze- /errorReport:prompt AniEngima.cpp FindResource.cpp LoadString.cpp ResCommon.cpp Utils.cpp
         AniEngima.cpp
     1>AniEngima.cpp(10): warning C4101: 'lpProcName' : unreferenced local variable
         FindResource.cpp
         LoadString.cpp
         ResCommon.cpp
         Utils.cpp
     1>Utils.cpp(7): warning C4172: returning address of local variable or temporary
     1>Utils.cpp(17): warning C4996: 'wcscpy': This function or variable may be unsafe. Consider using wcscpy_s instead. To disable deprecation, use _CRT_SECURE_NO_WARNINGS. See online help for details.
                 C:\Program Files (x86)\Microsoft Visual Studio 10.0\VC\include\string.h(283) : see declaration of 'wcscpy'
     1>Utils.cpp(35): warning C4172: returning address of local variable or temporary
         C:\Program Files (x86)\Microsoft Visual Studio 10.0\VC\bin\CL.exe /c /Zi /nologo /W3 /WX- /O2 /Oi /Oy- /GL /D WIN32 /D NDEBUG /D _WINDOWS /D _USRDLL /D WINMM_EXPORTS /D _WINDLL /D _UNICODE /D UNICODE /Gm- /EHsc /MD /GS /Gy /fp:precise /Zc:wchar_t /Zc:forScope /Fo"Release\\" /Fd"Release\vc100.pdb" /Gd /TP /analyze- /errorReport:prompt dllmain.cpp
         dllmain.cpp
     1>dllmain.cpp(72): warning C4018: '<' : signed/unsigned mismatch
     1>dllmain.cpp(113): warning C4996: 'wcscpy': This function or variable may be unsafe. Consider using wcscpy_s instead. To disable deprecation, use _CRT_SECURE_NO_WARNINGS. See online help for details.
                 C:\Program Files (x86)\Microsoft Visual Studio 10.0\VC\include\string.h(283) : see declaration of 'wcscpy'
     1>dllmain.cpp(118): warning C4996: 'wcscpy': This function or variable may be unsafe. Consider using wcscpy_s instead. To disable deprecation, use _CRT_SECURE_NO_WARNINGS. See online help for details.
                 C:\Program Files (x86)\Microsoft Visual Studio 10.0\VC\include\string.h(283) : see declaration of 'wcscpy'
     1>dllmain.cpp(119): warning C4996: 'wcscpy': This function or variable may be unsafe. Consider using wcscpy_s instead. To disable deprecation, use _CRT_SECURE_NO_WARNINGS. See online help for details.
                 C:\Program Files (x86)\Microsoft Visual Studio 10.0\VC\include\string.h(283) : see declaration of 'wcscpy'
     1>dllmain.cpp(121): warning C4996: '_wfopen': This function or variable may be unsafe. Consider using _wfopen_s instead. To disable deprecation, use _CRT_SECURE_NO_WARNINGS. See online help for details.
                 C:\Program Files (x86)\Microsoft Visual Studio 10.0\VC\include\stdio.h(601) : see declaration of '_wfopen'
       Link:
         C:\Program Files (x86)\Microsoft Visual Studio 10.0\VC\bin\link.exe /ERRORREPORT:PROMPT /OUT:"E:\Projects\winmm\winmm\Release\winmm.dll" /INCREMENTAL:NO /NOLOGO kernel32.lib user32.lib gdi32.lib winspool.lib comdlg32.lib advapi32.lib shell32.lib ole32.lib oleaut32.lib uuid.lib odbc32.lib odbccp32.lib /DEF:"winmm.def" /MANIFEST /ManifestFile:"Release\winmm.dll.intermediate.manifest" /MANIFESTUAC:"level='asInvoker' uiAccess='false'" /DEBUG /PDB:"E:\Projects\winmm\winmm\Release\winmm.pdb" /SUBSYSTEM:WINDOWS /OPT:REF /OPT:ICF /LTCG /TLBID:1 /DYNAMICBASE /NXCOMPAT /IMPLIB:"E:\Projects\winmm\winmm\Release\winmm.lib" /MACHINE:X86 /DLL Release\AniEngima.obj
         Release\dllmain.obj
         Release\FindResource.obj
         Release\LoadString.obj
         Release\ResCommon.obj
         Release\Utils.obj
            Creating library E:\Projects\winmm\winmm\Release\winmm.lib and object E:\Projects\winmm\winmm\Release\winmm.exp
         Generating code
         Finished generating code
         winmm.vcxproj -> E:\Projects\winmm\winmm\Release\winmm.dll
       Manifest:
         C:\Program Files (x86)\Microsoft SDKs\Windows\v7.0A\bin\mt.exe /nologo /verbose /outputresource:"E:\Projects\winmm\winmm\Release\winmm.dll;#2" /manifest Release\winmm.dll.intermediate.manifest
       FinalizeBuildStatus:
         Deleting file "Release\winmm.unsuccessfulbuild".
         Touching "Release\winmm.lastbuildstate".
     1>Done Building Project "E:\Projects\winmm\winmm\winmm\winmm.vcxproj" (rebuild target(s)).

Build succeeded.

Time Elapsed 00:00:02.35
