E:\PROJECTS\WINMM\WINMM\RELEASE\WINMM.DLL
E:\Projects\winmm\winmm\Release\winmm.exp
E:\Projects\winmm\winmm\Release\winmm.lib
E:\PROJECTS\WINMM\WINMM\RELEASE\WINMM.PDB
E:\PROJECTS\WINMM\WINMM\WINMM\RELEASE\ANIENGIMA.OBJ
E:\Projects\winmm\winmm\winmm\Release\cl.command.1.tlog
E:\Projects\winmm\winmm\winmm\Release\CL.read.1.tlog
E:\Projects\winmm\winmm\winmm\Release\CL.write.1.tlog
E:\PROJECTS\WINMM\WINMM\WINMM\RELEASE\DLLMAIN.OBJ
E:\PROJECTS\WINMM\WINMM\WINMM\RELEASE\FINDRESOURCE.OBJ
E:\Projects\winmm\winmm\winmm\Release\link.command.1.tlog
E:\Projects\winmm\winmm\winmm\Release\link.read.1.tlog
E:\Projects\winmm\winmm\winmm\Release\link.write.1.tlog
E:\PROJECTS\WINMM\WINMM\WINMM\RELEASE\LOADSTRING.OBJ
E:\Projects\winmm\winmm\winmm\Release\mt.command.1.tlog
E:\Projects\winmm\winmm\winmm\Release\mt.read.1.tlog
E:\Projects\winmm\winmm\winmm\Release\mt.write.1.tlog
E:\PROJECTS\WINMM\WINMM\WINMM\RELEASE\RESCOMMON.OBJ
E:\PROJECTS\WINMM\WINMM\WINMM\RELEASE\UTILS.OBJ
E:\PROJECTS\WINMM\WINMM\WINMM\RELEASE\VC100.PDB
E:\PROJECTS\WINMM\WINMM\WINMM\RELEASE\WINMM.DLL.INTERMEDIATE.MANIFEST
E:\Projects\winmm\winmm\winmm\Release\winmm.write.1.tlog
