Build started 7/25/2012 9:37:37 PM.
     1>Project "E:\Projects\winmm\winmm\winmm\winmm.vcxproj" on node 2 (build target(s)).
     1>InitializeBuildStatus:
         Creating "Debug\winmm.unsuccessfulbuild" because "AlwaysCreate" was specified.
       ClCompile:
         All outputs are up-to-date.
       ManifestResourceCompile:
         All outputs are up-to-date.
       Link:
         C:\Program Files (x86)\Microsoft Visual Studio 10.0\VC\bin\link.exe /ERRORREPORT:PROMPT /OUT:"E:\Projects\winmm\winmm\Debug\winmm.dll" /INCREMENTAL /NOLOGO kernel32.lib user32.lib gdi32.lib winspool.lib comdlg32.lib advapi32.lib shell32.lib ole32.lib oleaut32.lib uuid.lib odbc32.lib odbccp32.lib /DEF:"winmm.def" /MANIFEST /ManifestFile:"Debug\winmm.dll.intermediate.manifest" /MANIFESTUAC:"level='asInvoker' uiAccess='false'" /DEBUG /PDB:"E:\Projects\winmm\winmm\Debug\winmm.pdb" /SUBSYSTEM:WINDOWS /TLBID:1 /DYNAMICBASE /NXCOMPAT /IMPLIB:"E:\Projects\winmm\winmm\Debug\winmm.lib" /MACHINE:X86 /DLL Debug\winmm.dll.embed.manifest.res
         Debug\dllmain.obj
            Creating library E:\Projects\winmm\winmm\Debug\winmm.lib and object E:\Projects\winmm\winmm\Debug\winmm.exp
       Manifest:
         C:\Program Files (x86)\Microsoft SDKs\Windows\v7.0A\bin\mt.exe /nologo /verbose /out:"Debug\winmm.dll.embed.manifest" /manifest Debug\winmm.dll.intermediate.manifest
         All outputs are up-to-date.
       LinkEmbedManifest:
         All outputs are up-to-date.
         winmm.vcxproj -> E:\Projects\winmm\winmm\Debug\winmm.dll
       FinalizeBuildStatus:
         Deleting file "Debug\winmm.unsuccessfulbuild".
         Touching "Debug\winmm.lastbuildstate".
     1>Done Building Project "E:\Projects\winmm\winmm\winmm\winmm.vcxproj" (build target(s)).

Build succeeded.

Time Elapsed 00:00:00.28
