E:\PROJECTS\WINMM\WINMM\DEBUG\WINMM.DLL
E:\Projects\winmm\winmm\Debug\winmm.exp
E:\PROJECTS\WINMM\WINMM\DEBUG\WINMM.ILK
E:\Projects\winmm\winmm\Debug\winmm.lib
E:\PROJECTS\WINMM\WINMM\DEBUG\WINMM.PDB
E:\Projects\winmm\winmm\winmm\Debug\cl.command.1.tlog
E:\Projects\winmm\winmm\winmm\Debug\CL.read.1.tlog
E:\Projects\winmm\winmm\winmm\Debug\CL.write.1.tlog
E:\PROJECTS\WINMM\WINMM\WINMM\DEBUG\DLLMAIN.OBJ
E:\Projects\winmm\winmm\winmm\Debug\link.6792.read.1.tlog
E:\Projects\winmm\winmm\winmm\Debug\link.6792.write.1.tlog
E:\Projects\winmm\winmm\winmm\Debug\link.6792-cvtres.read.1.tlog
E:\Projects\winmm\winmm\winmm\Debug\link.6792-cvtres.write.1.tlog
E:\Projects\winmm\winmm\winmm\Debug\link.command.1.tlog
E:\Projects\winmm\winmm\winmm\Debug\link.read.1.tlog
E:\Projects\winmm\winmm\winmm\Debug\link.write.1.tlog
E:\Projects\winmm\winmm\winmm\Debug\link-cvtres.read.1.tlog
E:\Projects\winmm\winmm\winmm\Debug\link-cvtres.write.1.tlog
E:\Projects\winmm\winmm\winmm\Debug\mt.command.1.tlog
E:\Projects\winmm\winmm\winmm\Debug\mt.read.1.tlog
E:\Projects\winmm\winmm\winmm\Debug\mt.write.1.tlog
E:\Projects\winmm\winmm\winmm\Debug\rc.command.1.tlog
E:\Projects\winmm\winmm\winmm\Debug\rc.read.1.tlog
E:\Projects\winmm\winmm\winmm\Debug\rc.write.1.tlog
E:\Projects\winmm\winmm\winmm\Debug\vc100.idb
E:\PROJECTS\WINMM\WINMM\WINMM\DEBUG\VC100.PDB
E:\PROJECTS\WINMM\WINMM\WINMM\DEBUG\WINMM.DLL.EMBED.MANIFEST
E:\PROJECTS\WINMM\WINMM\WINMM\DEBUG\WINMM.DLL.EMBED.MANIFEST.RES
E:\PROJECTS\WINMM\WINMM\WINMM\DEBUG\WINMM.DLL.INTERMEDIATE.MANIFEST
E:\Projects\winmm\winmm\winmm\Debug\winmm.write.1.tlog
E:\Projects\winmm\winmm\winmm\Debug\winmm_manifest.rc
